<?xml version="1.0" encoding="UTF-8"?>
<!-- Generated by org.testng.reporters.JUnitReportReporter -->
<testsuite hostname="DESKTOP-9UL3VCG" failures="0" tests="1" name="day3.LoggingDemo" time="2.562" errors="0" timestamp="2024-07-02T05:54:22 IST" skipped="0">
  <testcase classname="day3.LoggingDemo" name="testLogs" time="2.562"/>
</testsuite> <!-- day3.LoggingDemo -->
