<?xml version="1.0" encoding="UTF-8"?>
<!-- Generated by org.testng.reporters.JUnitReportReporter -->
<testsuite hostname="DESKTOP-9UL3VCG" failures="0" tests="1" name="Day1.HttpRequests" time="4.078" errors="0" timestamp="2024-06-29T13:34:10 IST" skipped="0">
  <testcase classname="Day1.HttpRequests" name="getUser" time="4.078"/>
</testsuite> <!-- Day1.HttpRequests -->
