<?xml version="1.0" encoding="UTF-8"?>
<!-- Generated by org.testng.reporters.JUnitReportReporter -->
<testsuite hostname="DESKTOP-9UL3VCG" failures="0" tests="1" name="day3.CookiesDemo" time="3.557" errors="0" timestamp="2024-07-01T07:08:15 IST" skipped="0">
  <testcase classname="day3.CookiesDemo" name="GETtestCookiesInfo" time="3.557"/>
</testsuite> <!-- day3.CookiesDemo -->
