<?xml version="1.0" encoding="UTF-8"?>
<!-- Generated by org.testng.reporters.JUnitReportReporter -->
<testsuite hostname="DESKTOP-9UL3VCG" failures="0" tests="2" name="day2.WaysToPOSTRequestBody" time="3.864" errors="0" timestamp="2024-06-30T17:08:51 IST" skipped="0">
  <testcase classname="day2.WaysToPOSTRequestBody" name="testDelete" time="2.213"/>
  <testcase classname="day2.WaysToPOSTRequestBody" name="testPostusingHashMap" time="1.651"/>
</testsuite> <!-- day2.WaysToPOSTRequestBody -->
