<?xml version="1.0" encoding="UTF-8"?>
<!-- Generated by org.testng.reporters.JUnitReportReporter -->
<testsuite hostname="DESKTOP-9UL3VCG" failures="0" tests="2" name="day2.PostUsingExternalJSONfile" time="2.668" errors="0" timestamp="2024-06-30T18:53:14 IST" skipped="0">
  <testcase classname="day2.PostUsingExternalJSONfile" name="testPostUsingJsonFile" time="2.608"/>
  <testcase classname="day2.PostUsingExternalJSONfile" name="testDelete" time="0.060"/>
</testsuite> <!-- day2.PostUsingExternalJSONfile -->
