<?xml version="1.0" encoding="UTF-8"?>
<!-- Generated by org.testng.reporters.JUnitReportReporter -->
<testsuite hostname="DESKTOP-9UL3VCG" failures="0" tests="2" name="day2.PostUsingPOJOclass" time="3.783" errors="0" timestamp="2024-06-30T17:59:59 IST" skipped="0">
  <testcase classname="day2.PostUsingPOJOclass" name="testDelete" time="2.052"/>
  <testcase classname="day2.PostUsingPOJOclass" name="testPostusingHashMap" time="1.731"/>
</testsuite> <!-- day2.PostUsingPOJOclass -->
