<?xml version="1.0" encoding="UTF-8"?>
<!-- Generated by org.testng.reporters.JUnitReportReporter -->
<testsuite hostname="DESKTOP-9UL3VCG" failures="0" tests="2" name="day3.HeadersDemo" time="5.110" errors="0" timestamp="2024-07-01T13:46:54 IST" skipped="0">
  <testcase classname="day3.HeadersDemo" name="getHeader" time="3.614"/>
  <testcase classname="day3.HeadersDemo" name="testHeaders" time="1.496"/>
</testsuite> <!-- day3.HeadersDemo -->
