<?xml version="1.0" encoding="UTF-8"?>
<!-- Generated by org.testng.reporters.JUnitReportReporter -->
<testsuite hostname="DESKTOP-9UL3VCG" failures="0" tests="1" name="day2.WaysToPOSTRequestBody2" time="3.697" errors="0" timestamp="2024-06-30T16:35:59 IST" skipped="0">
  <testcase classname="day2.WaysToPOSTRequestBody2" name="postdatatest" time="3.697"/>
</testsuite> <!-- day2.WaysToPOSTRequestBody2 -->
