<?xml version="1.0" encoding="UTF-8"?>
<!-- Generated by org.testng.reporters.JUnitReportReporter -->
<testsuite hostname="DESKTOP-9UL3VCG" failures="0" tests="2" name="day4.TestResponseJsonData" time="2.820" errors="0" timestamp="2024-07-02T08:37:17 IST" skipped="1">
  <testcase classname="day4.TestResponseJsonData" name="parsingJsonResponse2" time="2.820"/>
  <testcase classname="day4.TestResponseJsonData" name="parsingJsonResponse">
    <skipped/>
  </testcase> <!-- parsingJsonResponse -->
</testsuite> <!-- day4.TestResponseJsonData -->
