<?xml version="1.0" encoding="UTF-8"?>
<!-- Generated by org.testng.reporters.JUnitReportReporter -->
<testsuite hostname="DESKTOP-9UL3VCG" failures="0" tests="1" name="day3.PathAndQueryParaments" time="4.107" errors="0" timestamp="2024-06-30T21:12:43 IST" skipped="0">
  <testcase classname="day3.PathAndQueryParaments" name="GETtestQueryAndPathParameters" time="4.107"/>
</testsuite> <!-- day3.PathAndQueryParaments -->
